-------------------------------------------------------------------------------
>Log Session: Wednesday, April 4, 2018 9:03:20 PM CEST
>System Info: 
  Product Version         = NetBeans IDE 8.2 (Build 201705191307) (#5fd841261bf9)
  Operating System        = Linux version 4.13.0-36-generic running on amd64
  Java; VM; Vendor        = 1.8.0_151; Java HotSpot(TM) 64-Bit Server VM 25.151-b12; Oracle Corporation
  Runtime                 = Java(TM) SE Runtime Environment 1.8.0_151-b12
  Java Home               = /usr/local/jdk1.8.0_151/jre
  System Locale; Encoding = en_US (nb); UTF-8
  Home Directory          = /home/jacob
  Current Directory       = /home/jacob/Desktop/ProjectCode/ZombiesGame/Player
  User Directory          = /home/jacob/Desktop/ProjectCode/ZombiesGame/Player/target/userdir
  Cache Directory         = /home/jacob/Desktop/ProjectCode/ZombiesGame/Player/target/userdir/var/cache
  Installation            = /usr/local/netbeans-8.2/nb
                            /usr/local/netbeans-8.2/ide
                            /usr/local/netbeans-8.2/extide
                            /usr/local/netbeans-8.2/java
                            /usr/local/netbeans-8.2/apisupport
                            /usr/local/netbeans-8.2/websvccommon
                            /usr/local/netbeans-8.2/profiler
                            /usr/local/netbeans-8.2/harness
                            /usr/local/netbeans-8.2/javafx
                            /home/jacob/Desktop/ProjectCode/ZombiesGame/Player/target/netbeans_clusters/zombiesgame
                            /usr/local/netbeans-8.2/platform
  Boot & Ext. Classpath   = /usr/local/jdk1.8.0_151/jre/lib/resources.jar:/usr/local/jdk1.8.0_151/jre/lib/rt.jar:/usr/local/jdk1.8.0_151/jre/lib/sunrsasign.jar:/usr/local/jdk1.8.0_151/jre/lib/jsse.jar:/usr/local/jdk1.8.0_151/jre/lib/jce.jar:/usr/local/jdk1.8.0_151/jre/lib/charsets.jar:/usr/local/jdk1.8.0_151/jre/lib/jfr.jar:/usr/local/jdk1.8.0_151/jre/classes:/usr/local/jdk1.8.0_151/jre/lib/ext/sunpkcs11.jar:/usr/local/jdk1.8.0_151/jre/lib/ext/localedata.jar:/usr/local/jdk1.8.0_151/jre/lib/ext/zipfs.jar:/usr/local/jdk1.8.0_151/jre/lib/ext/nashorn.jar:/usr/local/jdk1.8.0_151/jre/lib/ext/dnsns.jar:/usr/local/jdk1.8.0_151/jre/lib/ext/sunec.jar:/usr/local/jdk1.8.0_151/jre/lib/ext/sunjce_provider.jar:/usr/local/jdk1.8.0_151/jre/lib/ext/jaccess.jar:/usr/local/jdk1.8.0_151/jre/lib/ext/cldrdata.jar:/usr/local/jdk1.8.0_151/jre/lib/ext/jfxrt.jar
  Application Classpath   = /usr/local/netbeans-8.2/platform/lib/boot.jar:/usr/local/netbeans-8.2/platform/lib/org-openide-modules.jar:/usr/local/netbeans-8.2/platform/lib/org-openide-util.jar:/usr/local/netbeans-8.2/platform/lib/org-openide-util-lookup.jar:/usr/local/netbeans-8.2/platform/lib/org-openide-util-ui.jar:/usr/local/netbeans-8.2/platform/lib/locale/boot_ja.jar:/usr/local/netbeans-8.2/platform/lib/locale/boot_pt_BR.jar:/usr/local/netbeans-8.2/platform/lib/locale/boot_ru.jar:/usr/local/netbeans-8.2/platform/lib/locale/boot_zh_CN.jar:/usr/local/netbeans-8.2/platform/lib/locale/org-openide-modules_ja.jar:/usr/local/netbeans-8.2/platform/lib/locale/org-openide-modules_pt_BR.jar:/usr/local/netbeans-8.2/platform/lib/locale/org-openide-modules_ru.jar:/usr/local/netbeans-8.2/platform/lib/locale/org-openide-modules_zh_CN.jar:/usr/local/netbeans-8.2/platform/lib/locale/org-openide-util_ja.jar:/usr/local/netbeans-8.2/platform/lib/locale/org-openide-util-lookup_ja.jar:/usr/local/netbeans-8.2/platform/lib/locale/org-openide-util-lookup_pt_BR.jar:/usr/local/netbeans-8.2/platform/lib/locale/org-openide-util-lookup_ru.jar:/usr/local/netbeans-8.2/platform/lib/locale/org-openide-util-lookup_zh_CN.jar:/usr/local/netbeans-8.2/platform/lib/locale/org-openide-util_pt_BR.jar:/usr/local/netbeans-8.2/platform/lib/locale/org-openide-util_ru.jar:/usr/local/netbeans-8.2/platform/lib/locale/org-openide-util-ui_ja.jar:/usr/local/netbeans-8.2/platform/lib/locale/org-openide-util-ui_pt_BR.jar:/usr/local/netbeans-8.2/platform/lib/locale/org-openide-util-ui_ru.jar:/usr/local/netbeans-8.2/platform/lib/locale/org-openide-util-ui_zh_CN.jar:/usr/local/netbeans-8.2/platform/lib/locale/org-openide-util_zh_CN.jar:/usr/local/jdk1.8.0_151/lib/dt.jar:/usr/local/jdk1.8.0_151/lib/tools.jar
  Startup Classpath       = /usr/local/netbeans-8.2/platform/core/org-openide-filesystems.jar:/usr/local/netbeans-8.2/platform/core/core.jar:/usr/local/netbeans-8.2/platform/core/asm-all-5.0.1.jar:/usr/local/netbeans-8.2/platform/core/core-base.jar:/usr/local/netbeans-8.2/platform/core/org-netbeans-libs-asm.jar:/usr/local/netbeans-8.2/platform/core/org-openide-filesystems-compat8.jar:/usr/local/netbeans-8.2/platform/core/locale/org-netbeans-libs-asm_pt_BR.jar:/usr/local/netbeans-8.2/platform/core/locale/core_zh_CN.jar:/usr/local/netbeans-8.2/platform/core/locale/core-base_ru.jar:/usr/local/netbeans-8.2/platform/core/locale/core-base_ja.jar:/usr/local/netbeans-8.2/platform/core/locale/core_pt_BR.jar:/usr/local/netbeans-8.2/platform/core/locale/org-openide-filesystems-compat8_ja.jar:/usr/local/netbeans-8.2/platform/core/locale/org-openide-filesystems-compat8_pt_BR.jar:/usr/local/netbeans-8.2/platform/core/locale/org-netbeans-libs-asm_zh_CN.jar:/usr/local/netbeans-8.2/platform/core/locale/org-netbeans-libs-asm_ru.jar:/usr/local/netbeans-8.2/platform/core/locale/org-openide-filesystems-compat8_zh_CN.jar:/usr/local/netbeans-8.2/platform/core/locale/org-openide-filesystems_ja.jar:/usr/local/netbeans-8.2/platform/core/locale/core_ru.jar:/usr/local/netbeans-8.2/platform/core/locale/core-base_pt_BR.jar:/usr/local/netbeans-8.2/platform/core/locale/org-openide-filesystems_zh_CN.jar:/usr/local/netbeans-8.2/platform/core/locale/org-openide-filesystems_pt_BR.jar:/usr/local/netbeans-8.2/platform/core/locale/org-openide-filesystems-compat8_ru.jar:/usr/local/netbeans-8.2/platform/core/locale/core_ja.jar:/usr/local/netbeans-8.2/platform/core/locale/org-openide-filesystems_ru.jar:/usr/local/netbeans-8.2/platform/core/locale/core-base_zh_CN.jar:/usr/local/netbeans-8.2/platform/core/locale/org-netbeans-libs-asm_ja.jar:/usr/local/netbeans-8.2/nb/core/org-netbeans-upgrader.jar:/usr/local/netbeans-8.2/nb/core/locale/core_nb_pt_BR.jar:/usr/local/netbeans-8.2/nb/core/locale/org-netbeans-upgrader_ja.jar:/usr/local/netbeans-8.2/nb/core/locale/org-netbeans-upgrader_zh_CN.jar:/usr/local/netbeans-8.2/nb/core/locale/core_nb_ru.jar:/usr/local/netbeans-8.2/nb/core/locale/core_nb_ja.jar:/usr/local/netbeans-8.2/nb/core/locale/org-netbeans-upgrader_ru.jar:/usr/local/netbeans-8.2/nb/core/locale/core_nb_zh_CN.jar:/usr/local/netbeans-8.2/nb/core/locale/core_nb.jar:/usr/local/netbeans-8.2/nb/core/locale/org-netbeans-upgrader_pt_BR.jar
-------------------------------------------------------------------------------
Warning - could not install some modules:
	Group8.Player - The module named Group8.Common was needed and not found.
